{
  "Cucumber Features": {
    "coverage": {
      "/Users/bhsieh/Documents/git/CS169.ICA/config/environment.rb": [
        null,
        1,
        null,
        null,
        1
      ],
      "/Users/bhsieh/Documents/git/CS169.ICA/config/application.rb": [
        1,
        null,
        1,
        null,
        1,
        null,
        1,
        null,
        null,
        null,
        null,
        1,
        1,
        null,
        null,
        null,
        null,
        null,
        null,
        null,
        null,
        null,
        null,
        null,
        null,
        null,
        null,
        null,
        null,
        null,
        null,
        null,
        null,
        null,
        null,
        null,
        1,
        null,
        null,
        1,
        null,
        null,
        1,
        null,
        null,
        1,
        null,
        null,
        1,
        null,
        null
      ],
      "/Users/bhsieh/Documents/git/CS169.ICA/config/boot.rb": [
        1,
        null,
        null,
        1,
        null,
        1
      ],
      "/Users/bhsieh/Documents/git/CS169.ICA/config/environments/test.rb": [
        1,
        null,
        null,
        null,
        null,
        null,
        null,
        1,
        null,
        null,
        1,
        1,
        null,
        null,
        1,
        null,
        null,
        1,
        1,
        null,
        null,
        1,
        null,
        null,
        1,
        null,
        null,
        null,
        null,
        1,
        null,
        null,
        null,
        null,
        null,
        null,
        null,
        1,
        null,
        null,
        1,
        null
      ],
      "/Users/bhsieh/Documents/git/CS169.ICA/config/initializers/backtrace_silencers.rb": [
        null,
        null,
        null,
        null,
        null,
        null,
        null
      ],
      "/Users/bhsieh/Documents/git/CS169.ICA/config/initializers/inflections.rb": [
        null,
        null,
        null,
        null,
        null,
        null,
        null,
        null,
        null,
        null
      ],
      "/Users/bhsieh/Documents/git/CS169.ICA/config/initializers/mime_types.rb": [
        null,
        null,
        null,
        null,
        null
      ],
      "/Users/bhsieh/Documents/git/CS169.ICA/config/initializers/secret_token.rb": [
        null,
        null,
        null,
        null,
        null,
        null,
        1
      ],
      "/Users/bhsieh/Documents/git/CS169.ICA/config/initializers/session_store.rb": [
        null,
        null,
        1,
        null,
        null,
        null,
        null,
        null
      ],
      "/Users/bhsieh/Documents/git/CS169.ICA/config/initializers/wrap_parameters.rb": [
        null,
        null,
        null,
        null,
        null,
        null,
        1,
        1,
        null,
        null,
        null,
        1,
        1,
        null
      ],
      "/Users/bhsieh/Documents/git/CS169.ICA/app/controllers/application_controller.rb": [
        1,
        1,
        null
      ],
      "/Users/bhsieh/Documents/git/CS169.ICA/app/helpers/application_helper.rb": [
        1,
        null
      ],
      "/Users/bhsieh/Documents/git/CS169.ICA/app/helpers/people_helper.rb": [
        1,
        null
      ],
      "/Users/bhsieh/Documents/git/CS169.ICA/app/controllers/people_controller.rb": [
        1,
        null,
        1,
        8,
        8,
        8,
        8,
        null,
        null,
        1,
        0,
        0,
        0,
        0,
        null,
        null,
        1,
        2,
        null,
        null,
        1,
        0,
        null,
        null,
        1,
        2,
        null,
        null,
        1,
        0,
        0,
        0,
        0,
        0,
        null,
        null,
        1,
        0,
        0,
        0,
        0,
        null,
        null,
        null
      ],
      "/Users/bhsieh/Documents/git/CS169.ICA/app/models/person.rb": [
        1,
        1,
        null,
        1,
        2,
        null,
        null,
        1,
        0,
        null,
        null,
        0,
        null,
        0,
        null,
        null,
        1,
        24,
        9,
        null,
        null,
        null,
        1,
        2,
        null,
        null
      ],
      "/Users/bhsieh/Documents/git/CS169.ICA/app/models/advisor.rb": [
        1,
        null
      ],
      "/Users/bhsieh/Documents/git/CS169.ICA/app/models/board_member.rb": [
        1,
        null
      ],
      "/Users/bhsieh/Documents/git/CS169.ICA/app/models/individual.rb": [
        1,
        null
      ],
      "/Users/bhsieh/Documents/git/CS169.ICA/app/models/phone_number.rb": [
        1,
        1,
        null
      ],
      "/Users/bhsieh/Documents/git/CS169.ICA/spec/factories/labels.rb": [
        null,
        null,
        1,
        1,
        1,
        null,
        null
      ],
      "/Users/bhsieh/Documents/git/CS169.ICA/spec/factories/people.rb": [
        null,
        null,
        1,
        1,
        1,
        1,
        1,
        1,
        null,
        null
      ],
      "/Users/bhsieh/Documents/git/CS169.ICA/spec/factories/phone_numbers.rb": [
        null,
        null,
        1,
        1,
        1,
        1,
        1,
        null,
        null
      ],
      "/Users/bhsieh/Documents/git/CS169.ICA/config/routes.rb": [
        1,
        null,
        null,
        null,
        null,
        null,
        null,
        null,
        null,
        null,
        null,
        null,
        1,
        1,
        1,
        null,
        null,
        null,
        null,
        null,
        null,
        1,
        null,
        null,
        null,
        null,
        null,
        null,
        null,
        null,
        null,
        null,
        null,
        null,
        null,
        null,
        null,
        null,
        null,
        null,
        null,
        null,
        null,
        null,
        null,
        null,
        null,
        null,
        null,
        null,
        null,
        null,
        null,
        null,
        null,
        null,
        null,
        null,
        1,
        null,
        null,
        null,
        null,
        null,
        null,
        null
      ],
      "/Users/bhsieh/Documents/git/CS169.ICA/features/support/paths.rb": [
        null,
        null,
        null,
        null,
        null,
        1,
        null,
        null,
        null,
        null,
        null,
        null,
        1,
        7,
        null,
        null,
        5,
        null,
        2,
        null,
        0,
        null,
        null,
        null,
        null,
        null,
        null,
        null,
        null,
        0,
        0,
        0,
        0,
        0,
        null,
        0,
        null,
        null,
        null,
        null,
        null,
        1
      ],
      "/Users/bhsieh/Documents/git/CS169.ICA/features/support/selectors.rb": [
        null,
        null,
        null,
        null,
        null,
        1,
        null,
        null,
        null,
        null,
        null,
        null,
        1,
        0,
        null,
        null,
        0,
        null,
        null,
        null,
        null,
        null,
        null,
        null,
        null,
        null,
        null,
        null,
        null,
        null,
        null,
        null,
        null,
        null,
        0,
        null,
        null,
        null,
        0,
        null,
        null,
        null,
        null,
        1
      ],
      "/Users/bhsieh/Documents/git/CS169.ICA/features/step_definitions/search_steps.rb": [
        1,
        10,
        38,
        null,
        null,
        null,
        1,
        1,
        1,
        null,
        null,
        null,
        1,
        1,
        1,
        1,
        null,
        1,
        0,
        0,
        0,
        null,
        null,
        null,
        1,
        1,
        null
      ],
      "/Users/bhsieh/Documents/git/CS169.ICA/features/step_definitions/web_steps.rb": [
        null,
        null,
        null,
        null,
        null,
        null,
        null,
        null,
        null,
        null,
        null,
        null,
        null,
        null,
        null,
        null,
        null,
        null,
        null,
        null,
        null,
        1,
        1,
        1,
        1,
        null,
        1,
        1,
        0,
        null,
        null,
        1,
        null,
        null,
        1,
        0,
        null,
        null,
        null,
        1,
        0,
        null,
        null,
        1,
        7,
        null,
        null,
        1,
        0,
        null,
        null,
        1,
        3,
        null,
        null,
        1,
        2,
        null,
        null,
        1,
        2,
        null,
        null,
        1,
        0,
        null,
        null,
        null,
        null,
        null,
        null,
        null,
        null,
        null,
        null,
        null,
        null,
        null,
        1,
        0,
        0,
        null,
        null,
        null,
        1,
        0,
        null,
        null,
        1,
        0,
        null,
        null,
        1,
        0,
        null,
        null,
        1,
        0,
        null,
        null,
        1,
        0,
        null,
        null,
        1,
        0,
        0,
        null,
        0,
        null,
        null,
        null,
        1,
        0,
        null,
        0,
        0,
        null,
        0,
        null,
        null,
        null,
        1,
        0,
        0,
        null,
        0,
        null,
        null,
        null,
        1,
        0,
        null,
        0,
        0,
        null,
        0,
        null,
        null,
        null,
        1,
        0,
        0,
        0,
        0,
        0,
        null,
        0,
        null,
        null,
        null,
        null,
        1,
        0,
        0,
        0,
        0,
        0,
        null,
        0,
        null,
        null,
        null,
        null,
        1,
        0,
        0,
        null,
        0,
        0,
        0,
        null,
        0,
        0,
        null,
        0,
        null,
        null,
        0,
        0,
        0,
        0,
        null,
        0,
        null,
        null,
        0,
        0,
        0,
        null,
        0,
        null,
        null,
        null,
        null,
        1,
        0,
        0,
        0,
        0,
        0,
        null,
        0,
        0,
        null,
        null,
        null,
        1,
        0,
        0,
        0,
        0,
        null,
        0,
        null,
        null,
        null,
        null,
        1,
        0,
        0,
        0,
        0,
        null,
        0,
        null,
        null,
        null,
        null,
        1,
        0,
        0,
        0,
        null,
        0,
        null,
        null,
        null,
        1,
        0,
        0,
        0,
        0,
        null,
        0,
        0,
        null,
        0,
        null,
        null,
        null,
        1,
        0,
        null
      ]
    },
    "timestamp": 1334549343
  },
  "RSpec": {
    "coverage": {
      "/Users/bhsieh/Documents/git/CS169.ICA/config/environment.rb": [
        null,
        1,
        null,
        null,
        1
      ],
      "/Users/bhsieh/Documents/git/CS169.ICA/config/application.rb": [
        1,
        null,
        1,
        null,
        1,
        null,
        1,
        null,
        null,
        null,
        null,
        1,
        1,
        null,
        null,
        null,
        null,
        null,
        null,
        null,
        null,
        null,
        null,
        null,
        null,
        null,
        null,
        null,
        null,
        null,
        null,
        null,
        null,
        null,
        null,
        null,
        1,
        null,
        null,
        1,
        null,
        null,
        1,
        null,
        null,
        1,
        null,
        null,
        1,
        null,
        null
      ],
      "/Users/bhsieh/Documents/git/CS169.ICA/config/boot.rb": [
        1,
        null,
        null,
        1,
        null,
        1
      ],
      "/Users/bhsieh/Documents/git/CS169.ICA/config/environments/test.rb": [
        1,
        null,
        null,
        null,
        null,
        null,
        null,
        1,
        null,
        null,
        1,
        1,
        null,
        null,
        1,
        null,
        null,
        1,
        1,
        null,
        null,
        1,
        null,
        null,
        1,
        null,
        null,
        null,
        null,
        1,
        null,
        null,
        null,
        null,
        null,
        null,
        null,
        1,
        null,
        null,
        1,
        null
      ],
      "/Users/bhsieh/Documents/git/CS169.ICA/config/initializers/backtrace_silencers.rb": [
        null,
        null,
        null,
        null,
        null,
        null,
        null
      ],
      "/Users/bhsieh/Documents/git/CS169.ICA/config/initializers/inflections.rb": [
        null,
        null,
        null,
        null,
        null,
        null,
        null,
        null,
        null,
        null
      ],
      "/Users/bhsieh/Documents/git/CS169.ICA/config/initializers/mime_types.rb": [
        null,
        null,
        null,
        null,
        null
      ],
      "/Users/bhsieh/Documents/git/CS169.ICA/config/initializers/secret_token.rb": [
        null,
        null,
        null,
        null,
        null,
        null,
        1
      ],
      "/Users/bhsieh/Documents/git/CS169.ICA/config/initializers/session_store.rb": [
        null,
        null,
        1,
        null,
        null,
        null,
        null,
        null
      ],
      "/Users/bhsieh/Documents/git/CS169.ICA/config/initializers/wrap_parameters.rb": [
        null,
        null,
        null,
        null,
        null,
        null,
        1,
        1,
        null,
        null,
        null,
        1,
        1,
        null
      ],
      "/Users/bhsieh/Documents/git/CS169.ICA/app/controllers/application_controller.rb": [
        1,
        1,
        null
      ],
      "/Users/bhsieh/Documents/git/CS169.ICA/app/helpers/application_helper.rb": [
        1,
        null
      ],
      "/Users/bhsieh/Documents/git/CS169.ICA/app/helpers/people_helper.rb": [
        1,
        null
      ],
      "/Users/bhsieh/Documents/git/CS169.ICA/app/controllers/people_controller.rb": [
        1,
        null,
        1,
        1,
        1,
        1,
        1,
        null,
        null,
        1,
        4,
        4,
        2,
        null,
        2,
        null,
        4,
        null,
        null,
        1,
        1,
        null,
        null,
        1,
        1,
        null,
        null,
        1,
        2,
        null,
        null,
        1,
        0,
        0,
        0,
        0,
        0,
        null,
        null,
        1,
        2,
        2,
        2,
        2,
        null,
        null,
        null
      ],
      "/Users/bhsieh/Documents/git/CS169.ICA/app/models/person.rb": [
        1,
        1,
        null,
        1,
        1,
        null,
        1,
        6,
        null,
        null,
        1,
        0,
        null,
        null,
        0,
        null,
        0,
        null,
        null,
        1,
        5,
        2,
        null,
        null,
        null,
        1,
        2,
        null,
        null
      ],
      "/Users/bhsieh/Documents/git/CS169.ICA/app/models/advisor.rb": [
        1,
        null
      ],
      "/Users/bhsieh/Documents/git/CS169.ICA/app/models/board_member.rb": [
        1,
        null
      ],
      "/Users/bhsieh/Documents/git/CS169.ICA/app/models/individual.rb": [
        1,
        null
      ],
      "/Users/bhsieh/Documents/git/CS169.ICA/app/models/phone_number.rb": [
        1,
        1,
        null
      ],
      "/Users/bhsieh/Documents/git/CS169.ICA/spec/factories/labels.rb": [
        null,
        null,
        1,
        1,
        1,
        null,
        null
      ],
      "/Users/bhsieh/Documents/git/CS169.ICA/spec/factories/people.rb": [
        null,
        null,
        1,
        1,
        1,
        1,
        1,
        1,
        null,
        null
      ],
      "/Users/bhsieh/Documents/git/CS169.ICA/spec/factories/phone_numbers.rb": [
        null,
        null,
        1,
        1,
        1,
        1,
        1,
        null,
        null
      ],
      "/Users/bhsieh/Documents/git/CS169.ICA/config/routes.rb": [
        1,
        null,
        null,
        null,
        null,
        null,
        null,
        null,
        null,
        null,
        null,
        null,
        1,
        1,
        1,
        null,
        null,
        null,
        null,
        null,
        null,
        1,
        null,
        null,
        null,
        null,
        null,
        null,
        null,
        null,
        null,
        null,
        null,
        null,
        null,
        null,
        null,
        null,
        null,
        null,
        null,
        null,
        null,
        null,
        null,
        null,
        null,
        null,
        null,
        null,
        null,
        null,
        null,
        null,
        null,
        null,
        null,
        null,
        1,
        null,
        null,
        null,
        null,
        null,
        null,
        null
      ],
      "/Users/bhsieh/Documents/git/CS169.ICA/spec/views/people/index.html.erb_spec.rb": [
        1,
        null,
        1,
        1,
        null
      ],
      "/Users/bhsieh/Documents/git/CS169.ICA/spec/models/person_spec.rb": [
        1,
        null,
        1,
        1,
        5,
        5,
        5,
        5,
        5,
        5,
        5,
        5,
        null,
        null,
        1,
        1,
        null,
        null,
        1,
        1,
        1,
        1,
        null,
        null,
        1,
        1,
        1,
        null,
        null,
        null,
        1,
        1,
        1,
        1,
        null,
        null,
        1,
        1,
        1,
        null,
        null,
        null
      ]
    },
    "timestamp": 1334558893
  }
}
